<?xml version="1.0" encoding="UTF-8"?>
<!-- Generated by org.testng.reporters.JUnitReportReporter -->
<testsuite skipped="0" hostname="Subrat" name="pomtest.TESTActitimeCustomer" tests="1" failures="0" timestamp="26 Dec 2019 17:29:29 GMT" time="34.065" errors="0">
  <testcase name="customer" time="34.065" classname="pomtest.TESTActitimeCustomer"/>
</testsuite> <!-- pomtest.TESTActitimeCustomer -->
